#
# There is insufficient memory for the Java Runtime Environment to continue.
# Native memory allocation (malloc) failed to allocate 1048576 bytes for AllocateHeap
# Possible reasons:
#   The system is out of physical RAM or swap space
#   The process is running with CompressedOops enabled, and the Java Heap may be blocking the growth of the native heap
# Possible solutions:
#   Reduce memory load on the system
#   Increase physical memory or swap space
#   Check if swap backing store is full
#   Decrease Java heap size (-Xmx/-Xms)
#   Decrease number of Java threads
#   Decrease Java thread stack sizes (-Xss)
#   Set larger code cache with -XX:ReservedCodeCacheSize=
#   JVM is running with Unscaled Compressed Oops mode in which the Java heap is
#     placed in the first 4GB address space. The Java Heap base address is the
#     maximum limit for the native heap growth. Please use -XX:HeapBaseMinAddress
#     to set the Java Heap base and to place the Java Heap above 4GB virtual address.
# This output file may be truncated or incomplete.
#
#  Out of Memory Error (allocation.cpp:44), pid=4584, tid=13440
#
# JRE version:  (17.0.12+8) (build )
# Java VM: Java HotSpot(TM) 64-Bit Server VM (17.0.12+8-LTS-286, mixed mode, sharing, tiered, compressed oops, compressed class ptrs, g1 gc, windows-amd64)
# No core dump will be written. Minidumps are not enabled by default on client versions of Windows
#

---------------  S U M M A R Y ------------

Command Line: 

Host: Intel(R) Core(TM) i5-10210U CPU @ 1.60GHz, 8 cores, 7G,  Windows 11 , 64 bit Build 22621 (10.0.22621.4974)
Time: Mon Mar 24 11:56:46 2025 SE Asia Standard Time elapsed time: 0.083640 seconds (0d 0h 0m 0s)

---------------  T H R E A D  ---------------

Current thread (0x000002512b3a3ae0):  JavaThread "Unknown thread" [_thread_in_vm, id=13440, stack(0x000000c43bf00000,0x000000c43c000000)]

Stack: [0x000000c43bf00000,0x000000c43c000000]
Native frames: (J=compiled Java code, j=interpreted, Vv=VM code, C=native code)
V  [jvm.dll+0x67a04a]
V  [jvm.dll+0x7da4ed]
V  [jvm.dll+0x7dbe33]
V  [jvm.dll+0x7dc4a3]
V  [jvm.dll+0x24508f]
V  [jvm.dll+0xa5e2b]
V  [jvm.dll+0x2e22de]
V  [jvm.dll+0x2d9fbb]
V  [jvm.dll+0x7aca21]
V  [jvm.dll+0x367591]
V  [jvm.dll+0x78b999]
V  [jvm.dll+0x3ec83f]
V  [jvm.dll+0x3ee471]
C  [jli.dll+0x5297]
C  [ucrtbase.dll+0x29333]
C  [KERNEL32.DLL+0x1259d]
C  [ntdll.dll+0x5af38]


---------------  P R O C E S S  ---------------

Threads class SMR info:
_java_thread_list=0x00007ff86d977a18, length=0, elements={
}

Java Threads: ( => current thread )

Other Threads:
  0x000002512b3fedb0 GCTaskThread "GC Thread#0" [stack: 0x000000c43c000000,0x000000c43c100000] [id=18280]

[error occurred during error reporting (printing all threads), id 0xc0000005, EXCEPTION_ACCESS_VIOLATION (0xc0000005) at pc=0x00007ff86d1a70e0]

VM state: not at safepoint (not fully initialized)

VM Mutex/Monitor currently owned by a thread:  ([mutex/lock_event])
[0x000002512b3a0d10] Heap_lock - owner thread: 0x000002512b3a3ae0

Heap address: 0x0000000082400000, size: 2012 MB, Compressed Oops mode: 32-bit

CDS archive(s) mapped at: [0x0000000000000000-0x0000000000000000-0x0000000000000000), size 0, SharedBaseAddress: 0x0000000800000000, ArchiveRelocationMode: 1.
Narrow klass base: 0x0000000000000000, Narrow klass shift: 0, Narrow klass range: 0x0

GC Precious Log:
<Empty>

Heap:
 garbage-first heap   total 0K, used 0K [0x0000000082400000, 0x0000000100000000)
  region size 1024K, 0 young (0K), 0 survivors (0K)

[error occurred during error reporting (printing heap information), id 0xc0000005, EXCEPTION_ACCESS_VIOLATION (0xc0000005) at pc=0x00007ff86d593859]

GC Heap History (0 events):
No events

Deoptimization events (0 events):
No events

Classes unloaded (0 events):
No events

Classes redefined (0 events):
No events

Internal exceptions (0 events):
No events

VM Operations (0 events):
No events

Events (1 events):
Event: 0.046 Loaded shared library C:\Program Files\Java\jdk-17\bin\java.dll


Dynamic libraries:
0x00007ff73ab10000 - 0x00007ff73ab20000 	C:\Program Files\Java\jdk-17\bin\java.exe
0x00007ff8e8470000 - 0x00007ff8e8687000 	C:\WINDOWS\SYSTEM32\ntdll.dll
0x00007ff8e6ff0000 - 0x00007ff8e70b4000 	C:\WINDOWS\System32\KERNEL32.DLL
0x00007ff8e5930000 - 0x00007ff8e5d01000 	C:\WINDOWS\System32\KERNELBASE.dll
0x00007ff8e5f00000 - 0x00007ff8e6011000 	C:\WINDOWS\System32\ucrtbase.dll
0x00007ff8afea0000 - 0x00007ff8afeb9000 	C:\Program Files\Java\jdk-17\bin\jli.dll
0x00007ff8e7e80000 - 0x00007ff8e7f31000 	C:\WINDOWS\System32\ADVAPI32.dll
0x00007ff8e79e0000 - 0x00007ff8e7a87000 	C:\WINDOWS\System32\msvcrt.dll
0x00007ff8e7db0000 - 0x00007ff8e7e57000 	C:\WINDOWS\System32\sechost.dll
0x00007ff8e5900000 - 0x00007ff8e5928000 	C:\WINDOWS\System32\bcrypt.dll
0x00007ff8e6e50000 - 0x00007ff8e6f64000 	C:\WINDOWS\System32\RPCRT4.dll
0x00007ff8e8210000 - 0x00007ff8e83c1000 	C:\WINDOWS\System32\USER32.dll
0x00007ff8e5d90000 - 0x00007ff8e5db6000 	C:\WINDOWS\System32\win32u.dll
0x00007ff8e6820000 - 0x00007ff8e6849000 	C:\WINDOWS\System32\GDI32.dll
0x00007ff8cf9d0000 - 0x00007ff8cfc62000 	C:\WINDOWS\WinSxS\amd64_microsoft.windows.common-controls_6595b64144ccf1df_6.0.22621.4830_none_270fe7d773858e80\COMCTL32.dll
0x00007ff8e6020000 - 0x00007ff8e613b000 	C:\WINDOWS\System32\gdi32full.dll
0x00007ff8e56f0000 - 0x00007ff8e578a000 	C:\WINDOWS\System32\msvcp_win.dll
0x00007ff8de8b0000 - 0x00007ff8de8ba000 	C:\WINDOWS\SYSTEM32\VERSION.dll
0x00007ff8a4930000 - 0x00007ff8a494b000 	C:\Program Files\Java\jdk-17\bin\VCRUNTIME140.dll
0x00007ff8e79a0000 - 0x00007ff8e79d1000 	C:\WINDOWS\System32\IMM32.DLL
0x00007ff8dea30000 - 0x00007ff8dea3c000 	C:\Program Files\Java\jdk-17\bin\vcruntime140_1.dll
0x00007ff8985a0000 - 0x00007ff89862e000 	C:\Program Files\Java\jdk-17\bin\msvcp140.dll
0x00007ff86cec0000 - 0x00007ff86daa0000 	C:\Program Files\Java\jdk-17\bin\server\jvm.dll
0x00007ff8e7cc0000 - 0x00007ff8e7cc8000 	C:\WINDOWS\System32\PSAPI.DLL
0x00007ff8ddf30000 - 0x00007ff8ddf64000 	C:\WINDOWS\SYSTEM32\WINMM.dll
0x00007ff8de9e0000 - 0x00007ff8de9e9000 	C:\WINDOWS\SYSTEM32\WSOCK32.dll
0x00007ff8e6f70000 - 0x00007ff8e6fe1000 	C:\WINDOWS\System32\WS2_32.dll
0x00007ff8e45c0000 - 0x00007ff8e45d8000 	C:\WINDOWS\SYSTEM32\kernel.appcore.dll
0x00007ff8becb0000 - 0x00007ff8becba000 	C:\Program Files\Java\jdk-17\bin\jimage.dll
0x00007ff8e2d80000 - 0x00007ff8e2fb2000 	C:\WINDOWS\SYSTEM32\DBGHELP.DLL
0x00007ff8e6230000 - 0x00007ff8e65c0000 	C:\WINDOWS\System32\combase.dll
0x00007ff8e7cd0000 - 0x00007ff8e7da7000 	C:\WINDOWS\System32\OLEAUT32.dll
0x00007ff8cfd70000 - 0x00007ff8cfda2000 	C:\WINDOWS\SYSTEM32\dbgcore.DLL
0x00007ff8e5d10000 - 0x00007ff8e5d8b000 	C:\WINDOWS\System32\bcryptPrimitives.dll
0x00007ff899450000 - 0x00007ff899475000 	C:\Program Files\Java\jdk-17\bin\java.dll

dbghelp: loaded successfully - version: 4.0.5 - missing functions: none
symbol engine: initialized successfully - sym options: 0x614 - pdb path: .;C:\Program Files\Java\jdk-17\bin;C:\WINDOWS\SYSTEM32;C:\WINDOWS\WinSxS\amd64_microsoft.windows.common-controls_6595b64144ccf1df_6.0.22621.4830_none_270fe7d773858e80;C:\Program Files\Java\jdk-17\bin\server

VM Arguments:
java_command: <unknown>
java_class_path (initial): <not set>
Launcher Type: SUN_STANDARD

[Global flags]
     intx CICompilerCount                          = 4                                         {product} {ergonomic}
     uint ConcGCThreads                            = 2                                         {product} {ergonomic}
     uint G1ConcRefinementThreads                  = 8                                         {product} {ergonomic}
   size_t G1HeapRegionSize                         = 1048576                                   {product} {ergonomic}
    uintx GCDrainStackTargetSize                   = 64                                        {product} {ergonomic}
   size_t InitialHeapSize                          = 132120576                                 {product} {ergonomic}
   size_t MarkStackSize                            = 4194304                                   {product} {ergonomic}
   size_t MaxHeapSize                              = 2109734912                                {product} {ergonomic}
   size_t MinHeapDeltaBytes                        = 1048576                                   {product} {ergonomic}
   size_t MinHeapSize                              = 8388608                                   {product} {ergonomic}
    uintx NonNMethodCodeHeapSize                   = 5839372                                {pd product} {ergonomic}
    uintx NonProfiledCodeHeapSize                  = 122909434                              {pd product} {ergonomic}
    uintx ProfiledCodeHeapSize                     = 122909434                              {pd product} {ergonomic}
    uintx ReservedCodeCacheSize                    = 251658240                              {pd product} {ergonomic}
     bool SegmentedCodeCache                       = true                                      {product} {ergonomic}
   size_t SoftMaxHeapSize                          = 2109734912                             {manageable} {ergonomic}
     bool UseCompressedClassPointers               = true                           {product lp64_product} {ergonomic}
     bool UseCompressedOops                        = true                           {product lp64_product} {ergonomic}
     bool UseG1GC                                  = true                                      {product} {ergonomic}
     bool UseLargePagesIndividualAllocation        = false                                  {pd product} {ergonomic}

Logging:
Log output configuration:
 #0: stdout all=warning uptime,level,tags
 #1: stderr all=off uptime,level,tags

Environment Variables:
PATH=C:\Python312\Scripts\;C:\Python312\;C:\Program Files\Microsoft MPI\Bin\;C:\Program Files (x86)\VMware\VMware Workstation\bin\;C:\Program Files\Common Files\Oracle\Java\javapath;C:\Program Files\Python310\Scripts\;C:\Program Files\Python310\;C:\WINDOWS\system32;C:\WINDOWS;C:\WINDOWS\System32\Wbem;C:\WINDOWS\System32\WindowsPowerShell\v1.0\;C:\WINDOWS\System32\OpenSSH\;C:\Program Files (x86)\Microsoft SQL Server\160\Tools\Binn\;C:\Program Files\Microsoft SQL Server\160\Tools\Binn\;C:\Program Files\Microsoft SQL Server\Client SDK\ODBC\170\Tools\Binn\;C:\Program Files\Microsoft SQL Server\160\DTS\Binn\;C:\Program Files\Azure Data Studio\bin;C:\Program Files\TortoiseSVN\bin;C:\Program Files\VisualSVN Server\bin;C:\Program Files (x86)\Microsoft SQL Server\160\DTS\Binn\;C:\Program Files\Microsoft SQL Server\150\Tools\Binn\;C:\Program Files\dotnet\;C:\Program Files\Microsoft SQL Server\130\Tools\Binn\;C:\Program Files\Git\cmd;C:\ProgramData\chocolatey\bin;C:\Program Files\Git LFS;D:\maven\apache-maven-3.9.9-bin\bin;C:\Program Files\nodejs\;C:\Program Files\GitHub CLI\;C:\Users\ASUS\scoop\shims;C:\Users\ASUS\AppData\Local\Programs\Python\Python310\Scripts\;C:\Users\ASUS\AppData\Local\Programs\Python\Python310\;C:\Users\ASUS\AppData\Local\Microsoft\WindowsApps;C:\Users\ASUS\AppData\Local\Programs\Microsoft VS Code\bin;C:\Program Files\Azure Data Studio\bin;C:\Users\ASUS\.dotnet\tools;C:\Program Files\JetBrains\PyCharm Community Edition 2024.1.4\bin;;C:\Users\ASUS\AppData\Local\Microsoft\WinGet\Packages\Schniz.fnm_Microsoft.Winget.Source_8wekyb3d8bbwe;C:\Users\ASUS\AppData\Roaming\npm
USERNAME=ASUS
OS=Windows_NT
PROCESSOR_IDENTIFIER=Intel64 Family 6 Model 142 Stepping 12, GenuineIntel



---------------  S Y S T E M  ---------------

OS:
 Windows 11 , 64 bit Build 22621 (10.0.22621.4974)
OS uptime: 0 days 18:41 hours
Hyper-V role detected

CPU: total 8 (initial active 8) (4 cores per cpu, 2 threads per core) family 6 model 142 stepping 12 microcode 0xde, cx8, cmov, fxsr, ht, mmx, 3dnowpref, sse, sse2, sse3, ssse3, sse4.1, sse4.2, popcnt, lzcnt, tsc, tscinvbit, avx, avx2, aes, erms, clmul, bmi1, bmi2, adx, fma, vzeroupper, clflush, clflushopt, hv

Memory: 4k page, system-wide physical 8043M (534M free)
TotalPageFile size 10091M (AvailPageFile size 17M)
current process WorkingSet (physical memory assigned to process): 11M, peak: 11M
current process commit charge ("private bytes"): 55M, peak: 56M

vm_info: Java HotSpot(TM) 64-Bit Server VM (17.0.12+8-LTS-286) for windows-amd64 JRE (17.0.12+8-LTS-286), built on Jun  5 2024 06:46:59 by "mach5one" with MS VC++ 17.6 (VS2022)

END.
