#
# There is insufficient memory for the Java Runtime Environment to continue.
# Native memory allocation (mmap) failed to map 132120576 bytes for G1 virtual space
# Possible reasons:
#   The system is out of physical RAM or swap space
#   The process is running with CompressedOops enabled, and the Java Heap may be blocking the growth of the native heap
# Possible solutions:
#   Reduce memory load on the system
#   Increase physical memory or swap space
#   Check if swap backing store is full
#   Decrease Java heap size (-Xmx/-Xms)
#   Decrease number of Java threads
#   Decrease Java thread stack sizes (-Xss)
#   Set larger code cache with -XX:ReservedCodeCacheSize=
#   JVM is running with Unscaled Compressed Oops mode in which the Java heap is
#     placed in the first 4GB address space. The Java Heap base address is the
#     maximum limit for the native heap growth. Please use -XX:HeapBaseMinAddress
#     to set the Java Heap base and to place the Java Heap above 4GB virtual address.
# This output file may be truncated or incomplete.
#
#  Out of Memory Error (os_windows.cpp:3548), pid=10276, tid=3152
#
# JRE version:  (17.0.12+8) (build )
# Java VM: Java HotSpot(TM) 64-Bit Server VM (17.0.12+8-LTS-286, mixed mode, sharing, tiered, compressed oops, compressed class ptrs, g1 gc, windows-amd64)
# No core dump will be written. Minidumps are not enabled by default on client versions of Windows
#

---------------  S U M M A R Y ------------

Command Line: 

Host: Intel(R) Core(TM) i5-10210U CPU @ 1.60GHz, 8 cores, 7G,  Windows 11 , 64 bit Build 22621 (10.0.22621.4974)
Time: Wed Mar 19 08:55:27 2025 SE Asia Standard Time elapsed time: 0.108532 seconds (0d 0h 0m 0s)

---------------  T H R E A D  ---------------

Current thread (0x000001ee30022eb0):  JavaThread "Unknown thread" [_thread_in_vm, id=3152, stack(0x0000004f06700000,0x0000004f06800000)]

Stack: [0x0000004f06700000,0x0000004f06800000]
Native frames: (J=compiled Java code, j=interpreted, Vv=VM code, C=native code)
V  [jvm.dll+0x67a04a]
V  [jvm.dll+0x7da4ed]
V  [jvm.dll+0x7dbe33]
V  [jvm.dll+0x7dc4a3]
V  [jvm.dll+0x24508f]
V  [jvm.dll+0x677089]
V  [jvm.dll+0x66bd32]
V  [jvm.dll+0x301fa6]
V  [jvm.dll+0x309546]
V  [jvm.dll+0x359d2e]
V  [jvm.dll+0x359f5f]
V  [jvm.dll+0x2d9078]
V  [jvm.dll+0x2d9fe4]
V  [jvm.dll+0x7aca21]
V  [jvm.dll+0x367591]
V  [jvm.dll+0x78b999]
V  [jvm.dll+0x3ec83f]
V  [jvm.dll+0x3ee471]
C  [jli.dll+0x5297]
C  [ucrtbase.dll+0x29333]
C  [KERNEL32.DLL+0x1259d]
C  [ntdll.dll+0x5af38]


---------------  P R O C E S S  ---------------

Threads class SMR info:
_java_thread_list=0x00007ffe72107a18, length=0, elements={
}

Java Threads: ( => current thread )

Other Threads:
  0x000001ee3007f850 GCTaskThread "GC Thread#0" [stack: 0x0000004f06800000,0x0000004f06900000] [id=10688]
  0x000001ee30090ac0 ConcurrentGCThread "G1 Main Marker" [stack: 0x0000004f06900000,0x0000004f06a00000] [id=12580]
  0x000001ee300914d0 ConcurrentGCThread "G1 Conc#0" [stack: 0x0000004f06a00000,0x0000004f06b00000] [id=1676]

[error occurred during error reporting (printing all threads), id 0xc0000005, EXCEPTION_ACCESS_VIOLATION (0xc0000005) at pc=0x00007ffe71939b67]

VM state: not at safepoint (not fully initialized)

VM Mutex/Monitor currently owned by a thread:  ([mutex/lock_event])
[0x000001ee3001f7b0] Heap_lock - owner thread: 0x000001ee30022eb0

Heap address: 0x0000000082400000, size: 2012 MB, Compressed Oops mode: 32-bit

CDS archive(s) mapped at: [0x0000000000000000-0x0000000000000000-0x0000000000000000), size 0, SharedBaseAddress: 0x0000000800000000, ArchiveRelocationMode: 1.
Narrow klass base: 0x0000000000000000, Narrow klass shift: 0, Narrow klass range: 0x0

GC Precious Log:
<Empty>

Heap:
 garbage-first heap   total 0K, used 0K [0x0000000082400000, 0x0000000100000000)
  region size 1024K, 0 young (0K), 0 survivors (0K)

[error occurred during error reporting (printing heap information), id 0xc0000005, EXCEPTION_ACCESS_VIOLATION (0xc0000005) at pc=0x00007ffe71d23859]

GC Heap History (0 events):
No events

Deoptimization events (0 events):
No events

Classes unloaded (0 events):
No events

Classes redefined (0 events):
No events

Internal exceptions (0 events):
No events

VM Operations (0 events):
No events

Events (1 events):
Event: 0.049 Loaded shared library C:\Program Files\Java\jdk-17\bin\java.dll


Dynamic libraries:
0x00007ff79ff00000 - 0x00007ff79ff10000 	C:\Program Files\Java\jdk-17\bin\java.exe
0x00007ffec3cf0000 - 0x00007ffec3f07000 	C:\WINDOWS\SYSTEM32\ntdll.dll
0x00007ffec2110000 - 0x00007ffec21d4000 	C:\WINDOWS\System32\KERNEL32.DLL
0x00007ffec1230000 - 0x00007ffec1601000 	C:\WINDOWS\System32\KERNELBASE.dll
0x00007ffec1040000 - 0x00007ffec1151000 	C:\WINDOWS\System32\ucrtbase.dll
0x00007ffea9420000 - 0x00007ffea9439000 	C:\Program Files\Java\jdk-17\bin\jli.dll
0x00007ffec35d0000 - 0x00007ffec3681000 	C:\WINDOWS\System32\ADVAPI32.dll
0x00007ffec37c0000 - 0x00007ffec3867000 	C:\WINDOWS\System32\msvcrt.dll
0x00007ffec1aa0000 - 0x00007ffec1b47000 	C:\WINDOWS\System32\sechost.dll
0x00007ffec0e30000 - 0x00007ffec0e58000 	C:\WINDOWS\System32\bcrypt.dll
0x00007ffec34b0000 - 0x00007ffec35c4000 	C:\WINDOWS\System32\RPCRT4.dll
0x00007ffec1f50000 - 0x00007ffec2101000 	C:\WINDOWS\System32\USER32.dll
0x00007ffec1160000 - 0x00007ffec1186000 	C:\WINDOWS\System32\win32u.dll
0x00007ffec3870000 - 0x00007ffec3899000 	C:\WINDOWS\System32\GDI32.dll
0x00007ffec0e60000 - 0x00007ffec0f7b000 	C:\WINDOWS\System32\gdi32full.dll
0x00007ffec1190000 - 0x00007ffec122a000 	C:\WINDOWS\System32\msvcp_win.dll
0x00007ffeac1f0000 - 0x00007ffeac482000 	C:\WINDOWS\WinSxS\amd64_microsoft.windows.common-controls_6595b64144ccf1df_6.0.22621.4830_none_270fe7d773858e80\COMCTL32.dll
0x00007ffeba130000 - 0x00007ffeba13a000 	C:\WINDOWS\SYSTEM32\VERSION.dll
0x00007ffea51f0000 - 0x00007ffea520b000 	C:\Program Files\Java\jdk-17\bin\VCRUNTIME140.dll
0x00007ffec3360000 - 0x00007ffec3391000 	C:\WINDOWS\System32\IMM32.DLL
0x00007ffead8f0000 - 0x00007ffead8fc000 	C:\Program Files\Java\jdk-17\bin\vcruntime140_1.dll
0x00007ffe7b680000 - 0x00007ffe7b70e000 	C:\Program Files\Java\jdk-17\bin\msvcp140.dll
0x00007ffe71650000 - 0x00007ffe72230000 	C:\Program Files\Java\jdk-17\bin\server\jvm.dll
0x00007ffec3110000 - 0x00007ffec3118000 	C:\WINDOWS\System32\PSAPI.DLL
0x00007ffead330000 - 0x00007ffead339000 	C:\WINDOWS\SYSTEM32\WSOCK32.dll
0x00007ffec32e0000 - 0x00007ffec3351000 	C:\WINDOWS\System32\WS2_32.dll
0x00007ffeb9140000 - 0x00007ffeb9174000 	C:\WINDOWS\SYSTEM32\WINMM.dll
0x00007ffebfe40000 - 0x00007ffebfe58000 	C:\WINDOWS\SYSTEM32\kernel.appcore.dll
0x00007ffeac6f0000 - 0x00007ffeac6fa000 	C:\Program Files\Java\jdk-17\bin\jimage.dll
0x00007ffebe710000 - 0x00007ffebe942000 	C:\WINDOWS\SYSTEM32\DBGHELP.DLL
0x00007ffec1b50000 - 0x00007ffec1ee0000 	C:\WINDOWS\System32\combase.dll
0x00007ffec19c0000 - 0x00007ffec1a97000 	C:\WINDOWS\System32\OLEAUT32.dll
0x00007ffea9810000 - 0x00007ffea9842000 	C:\WINDOWS\SYSTEM32\dbgcore.DLL
0x00007ffec1610000 - 0x00007ffec168b000 	C:\WINDOWS\System32\bcryptPrimitives.dll
0x00007ffe97e30000 - 0x00007ffe97e55000 	C:\Program Files\Java\jdk-17\bin\java.dll

dbghelp: loaded successfully - version: 4.0.5 - missing functions: none
symbol engine: initialized successfully - sym options: 0x614 - pdb path: .;C:\Program Files\Java\jdk-17\bin;C:\WINDOWS\SYSTEM32;C:\WINDOWS\WinSxS\amd64_microsoft.windows.common-controls_6595b64144ccf1df_6.0.22621.4830_none_270fe7d773858e80;C:\Program Files\Java\jdk-17\bin\server

VM Arguments:
java_command: <unknown>
java_class_path (initial): <not set>
Launcher Type: SUN_STANDARD

[Global flags]
     intx CICompilerCount                          = 4                                         {product} {ergonomic}
     uint ConcGCThreads                            = 2                                         {product} {ergonomic}
     uint G1ConcRefinementThreads                  = 8                                         {product} {ergonomic}
   size_t G1HeapRegionSize                         = 1048576                                   {product} {ergonomic}
    uintx GCDrainStackTargetSize                   = 64                                        {product} {ergonomic}
   size_t InitialHeapSize                          = 132120576                                 {product} {ergonomic}
   size_t MarkStackSize                            = 4194304                                   {product} {ergonomic}
   size_t MaxHeapSize                              = 2109734912                                {product} {ergonomic}
   size_t MinHeapDeltaBytes                        = 1048576                                   {product} {ergonomic}
   size_t MinHeapSize                              = 8388608                                   {product} {ergonomic}
    uintx NonNMethodCodeHeapSize                   = 5839372                                {pd product} {ergonomic}
    uintx NonProfiledCodeHeapSize                  = 122909434                              {pd product} {ergonomic}
    uintx ProfiledCodeHeapSize                     = 122909434                              {pd product} {ergonomic}
    uintx ReservedCodeCacheSize                    = 251658240                              {pd product} {ergonomic}
     bool SegmentedCodeCache                       = true                                      {product} {ergonomic}
   size_t SoftMaxHeapSize                          = 2109734912                             {manageable} {ergonomic}
     bool UseCompressedClassPointers               = true                           {product lp64_product} {ergonomic}
     bool UseCompressedOops                        = true                           {product lp64_product} {ergonomic}
     bool UseG1GC                                  = true                                      {product} {ergonomic}
     bool UseLargePagesIndividualAllocation        = false                                  {pd product} {ergonomic}

Logging:
Log output configuration:
 #0: stdout all=warning uptime,level,tags
 #1: stderr all=off uptime,level,tags

Environment Variables:
PATH=C:\Python312\Scripts\;C:\Python312\;C:\Program Files\Microsoft MPI\Bin\;C:\Program Files (x86)\VMware\VMware Workstation\bin\;C:\Program Files\Common Files\Oracle\Java\javapath;C:\Program Files\Python310\Scripts\;C:\Program Files\Python310\;C:\WINDOWS\system32;C:\WINDOWS;C:\WINDOWS\System32\Wbem;C:\WINDOWS\System32\WindowsPowerShell\v1.0\;C:\WINDOWS\System32\OpenSSH\;C:\Program Files (x86)\Microsoft SQL Server\160\Tools\Binn\;C:\Program Files\Microsoft SQL Server\160\Tools\Binn\;C:\Program Files\Microsoft SQL Server\Client SDK\ODBC\170\Tools\Binn\;C:\Program Files\Microsoft SQL Server\160\DTS\Binn\;C:\Program Files\Azure Data Studio\bin;C:\Program Files\TortoiseSVN\bin;C:\Program Files\VisualSVN Server\bin;C:\Program Files (x86)\Microsoft SQL Server\160\DTS\Binn\;C:\Program Files\Microsoft SQL Server\150\Tools\Binn\;C:\Program Files\dotnet\;C:\Program Files\Microsoft SQL Server\130\Tools\Binn\;C:\Program Files\Git\cmd;C:\ProgramData\chocolatey\bin;C:\Program Files\Git LFS;D:\maven\apache-maven-3.9.9-bin\bin;C:\Program Files\nodejs\;C:\Program Files\GitHub CLI\;C:\Users\ASUS\scoop\shims;C:\Users\ASUS\AppData\Local\Programs\Python\Python310\Scripts\;C:\Users\ASUS\AppData\Local\Programs\Python\Python310\;C:\Users\ASUS\AppData\Local\Microsoft\WindowsApps;C:\Users\ASUS\AppData\Local\Programs\Microsoft VS Code\bin;C:\Program Files\Azure Data Studio\bin;C:\Users\ASUS\.dotnet\tools;C:\Program Files\JetBrains\PyCharm Community Edition 2024.1.4\bin;;C:\Users\ASUS\AppData\Local\Microsoft\WinGet\Packages\Schniz.fnm_Microsoft.Winget.Source_8wekyb3d8bbwe;C:\Users\ASUS\AppData\Roaming\npm
USERNAME=ASUS
OS=Windows_NT
PROCESSOR_IDENTIFIER=Intel64 Family 6 Model 142 Stepping 12, GenuineIntel



---------------  S Y S T E M  ---------------

OS:
 Windows 11 , 64 bit Build 22621 (10.0.22621.4974)
OS uptime: 0 days 14:38 hours
Hyper-V role detected

CPU: total 8 (initial active 8) (4 cores per cpu, 2 threads per core) family 6 model 142 stepping 12 microcode 0xde, cx8, cmov, fxsr, ht, mmx, 3dnowpref, sse, sse2, sse3, ssse3, sse4.1, sse4.2, popcnt, lzcnt, tsc, tscinvbit, avx, avx2, aes, erms, clmul, bmi1, bmi2, adx, fma, vzeroupper, clflush, clflushopt, hv

Memory: 4k page, system-wide physical 8043M (246M free)
TotalPageFile size 10091M (AvailPageFile size 53M)
current process WorkingSet (physical memory assigned to process): 11M, peak: 11M
current process commit charge ("private bytes"): 60M, peak: 186M

vm_info: Java HotSpot(TM) 64-Bit Server VM (17.0.12+8-LTS-286) for windows-amd64 JRE (17.0.12+8-LTS-286), built on Jun  5 2024 06:46:59 by "mach5one" with MS VC++ 17.6 (VS2022)

END.
