#
# There is insufficient memory for the Java Runtime Environment to continue.
# Native memory allocation (mmap) failed to map 132120576 bytes for G1 virtual space
# Possible reasons:
#   The system is out of physical RAM or swap space
#   The process is running with CompressedOops enabled, and the Java Heap may be blocking the growth of the native heap
# Possible solutions:
#   Reduce memory load on the system
#   Increase physical memory or swap space
#   Check if swap backing store is full
#   Decrease Java heap size (-Xmx/-Xms)
#   Decrease number of Java threads
#   Decrease Java thread stack sizes (-Xss)
#   Set larger code cache with -XX:ReservedCodeCacheSize=
#   JVM is running with Unscaled Compressed Oops mode in which the Java heap is
#     placed in the first 4GB address space. The Java Heap base address is the
#     maximum limit for the native heap growth. Please use -XX:HeapBaseMinAddress
#     to set the Java Heap base and to place the Java Heap above 4GB virtual address.
# This output file may be truncated or incomplete.
#
#  Out of Memory Error (os_windows.cpp:3548), pid=11004, tid=4484
#
# JRE version:  (17.0.12+8) (build )
# Java VM: Java HotSpot(TM) 64-Bit Server VM (17.0.12+8-LTS-286, mixed mode, sharing, tiered, compressed oops, compressed class ptrs, g1 gc, windows-amd64)
# No core dump will be written. Minidumps are not enabled by default on client versions of Windows
#

---------------  S U M M A R Y ------------

Command Line: 

Host: Intel(R) Core(TM) i5-10210U CPU @ 1.60GHz, 8 cores, 7G,  Windows 11 , 64 bit Build 22621 (10.0.22621.4974)
Time: Tue Mar 25 15:07:35 2025 SE Asia Standard Time elapsed time: 0.073384 seconds (0d 0h 0m 0s)

---------------  T H R E A D  ---------------

Current thread (0x000002be0ca19ff0):  JavaThread "Unknown thread" [_thread_in_vm, id=4484, stack(0x000000de1dc00000,0x000000de1dd00000)]

Stack: [0x000000de1dc00000,0x000000de1dd00000]
Native frames: (J=compiled Java code, j=interpreted, Vv=VM code, C=native code)
V  [jvm.dll+0x67a04a]
V  [jvm.dll+0x7da4ed]
V  [jvm.dll+0x7dbe33]
V  [jvm.dll+0x7dc4a3]
V  [jvm.dll+0x24508f]
V  [jvm.dll+0x677089]
V  [jvm.dll+0x66bd32]
V  [jvm.dll+0x301fa6]
V  [jvm.dll+0x309546]
V  [jvm.dll+0x359d2e]
V  [jvm.dll+0x359f5f]
V  [jvm.dll+0x2d9078]
V  [jvm.dll+0x2d9fe4]
V  [jvm.dll+0x7aca21]
V  [jvm.dll+0x367591]
V  [jvm.dll+0x78b999]
V  [jvm.dll+0x3ec83f]
V  [jvm.dll+0x3ee471]
C  [jli.dll+0x5297]
C  [ucrtbase.dll+0x29333]
C  [KERNEL32.DLL+0x1259d]
C  [ntdll.dll+0x5af38]


---------------  P R O C E S S  ---------------

Threads class SMR info:
_java_thread_list=0x00007ffa88dc7a18, length=0, elements={
}

Java Threads: ( => current thread )

Other Threads:
  0x000002be0eafdac0 GCTaskThread "GC Thread#0" [stack: 0x000000de1dd00000,0x000000de1de00000] [id=14724]
  0x000002be0eb0ed30 ConcurrentGCThread "G1 Main Marker" [stack: 0x000000de1de00000,0x000000de1df00000] [id=12716]
  0x000002be0eb0f740 ConcurrentGCThread "G1 Conc#0" [stack: 0x000000de1df00000,0x000000de1e000000] [id=9064]

[error occurred during error reporting (printing all threads), id 0xc0000005, EXCEPTION_ACCESS_VIOLATION (0xc0000005) at pc=0x00007ffa885f9b67]

VM state: not at safepoint (not fully initialized)

VM Mutex/Monitor currently owned by a thread:  ([mutex/lock_event])
[0x000002be0eaa2920] Heap_lock - owner thread: 0x000002be0ca19ff0

Heap address: 0x0000000082400000, size: 2012 MB, Compressed Oops mode: 32-bit

CDS archive(s) mapped at: [0x0000000000000000-0x0000000000000000-0x0000000000000000), size 0, SharedBaseAddress: 0x0000000800000000, ArchiveRelocationMode: 1.
Narrow klass base: 0x0000000000000000, Narrow klass shift: 0, Narrow klass range: 0x0

GC Precious Log:
<Empty>

Heap:
 garbage-first heap   total 0K, used 0K [0x0000000082400000, 0x0000000100000000)
  region size 1024K, 0 young (0K), 0 survivors (0K)

[error occurred during error reporting (printing heap information), id 0xc0000005, EXCEPTION_ACCESS_VIOLATION (0xc0000005) at pc=0x00007ffa889e3859]

GC Heap History (0 events):
No events

Deoptimization events (0 events):
No events

Classes unloaded (0 events):
No events

Classes redefined (0 events):
No events

Internal exceptions (0 events):
No events

VM Operations (0 events):
No events

Events (1 events):
Event: 0.044 Loaded shared library C:\Program Files\Java\jdk-17\bin\java.dll


Dynamic libraries:
0x00007ff6d0d30000 - 0x00007ff6d0d40000 	C:\Program Files\Java\jdk-17\bin\java.exe
0x00007ffadecd0000 - 0x00007ffadeee7000 	C:\WINDOWS\SYSTEM32\ntdll.dll
0x00007ffadc9b0000 - 0x00007ffadca74000 	C:\WINDOWS\System32\KERNEL32.DLL
0x00007ffadbfe0000 - 0x00007ffadc3b1000 	C:\WINDOWS\System32\KERNELBASE.dll
0x00007ffadbe90000 - 0x00007ffadbfa1000 	C:\WINDOWS\System32\ucrtbase.dll
0x00007ffad1940000 - 0x00007ffad1959000 	C:\Program Files\Java\jdk-17\bin\jli.dll
0x00007ffadeb20000 - 0x00007ffadebd1000 	C:\WINDOWS\System32\ADVAPI32.dll
0x00007ffadebe0000 - 0x00007ffadec87000 	C:\WINDOWS\System32\msvcrt.dll
0x00007ffadd390000 - 0x00007ffadd437000 	C:\WINDOWS\System32\sechost.dll
0x00007ffadc560000 - 0x00007ffadc588000 	C:\WINDOWS\System32\bcrypt.dll
0x00007ffade460000 - 0x00007ffade574000 	C:\WINDOWS\System32\RPCRT4.dll
0x00007ffadcc20000 - 0x00007ffadcdd1000 	C:\WINDOWS\System32\USER32.dll
0x00007ffadbfb0000 - 0x00007ffadbfd6000 	C:\WINDOWS\System32\win32u.dll
0x00007ffade3e0000 - 0x00007ffade409000 	C:\WINDOWS\System32\GDI32.dll
0x00007ffadc440000 - 0x00007ffadc55b000 	C:\WINDOWS\System32\gdi32full.dll
0x00007ffadc900000 - 0x00007ffadc99a000 	C:\WINDOWS\System32\msvcp_win.dll
0x00007ffac22c0000 - 0x00007ffac2552000 	C:\WINDOWS\WinSxS\amd64_microsoft.windows.common-controls_6595b64144ccf1df_6.0.22621.4830_none_270fe7d773858e80\COMCTL32.dll
0x00007ffad3a40000 - 0x00007ffad3a4a000 	C:\WINDOWS\SYSTEM32\VERSION.dll
0x00007ffab3020000 - 0x00007ffab303b000 	C:\Program Files\Java\jdk-17\bin\VCRUNTIME140.dll
0x00007ffaddf00000 - 0x00007ffaddf31000 	C:\WINDOWS\System32\IMM32.DLL
0x00007ffabf590000 - 0x00007ffabf59c000 	C:\Program Files\Java\jdk-17\bin\vcruntime140_1.dll
0x00007ffa9e330000 - 0x00007ffa9e3be000 	C:\Program Files\Java\jdk-17\bin\msvcp140.dll
0x00007ffa88310000 - 0x00007ffa88ef0000 	C:\Program Files\Java\jdk-17\bin\server\jvm.dll
0x00007ffadca80000 - 0x00007ffadca88000 	C:\WINDOWS\System32\PSAPI.DLL
0x00007ffad30d0000 - 0x00007ffad3104000 	C:\WINDOWS\SYSTEM32\WINMM.dll
0x00007ffabf500000 - 0x00007ffabf509000 	C:\WINDOWS\SYSTEM32\WSOCK32.dll
0x00007ffadca90000 - 0x00007ffadcb01000 	C:\WINDOWS\System32\WS2_32.dll
0x00007ffadae20000 - 0x00007ffadae38000 	C:\WINDOWS\SYSTEM32\kernel.appcore.dll
0x00007ffabf4a0000 - 0x00007ffabf4aa000 	C:\Program Files\Java\jdk-17\bin\jimage.dll
0x00007ffad9820000 - 0x00007ffad9a52000 	C:\WINDOWS\SYSTEM32\DBGHELP.DLL
0x00007ffade630000 - 0x00007ffade9c0000 	C:\WINDOWS\System32\combase.dll
0x00007ffade9c0000 - 0x00007ffadea97000 	C:\WINDOWS\System32\OLEAUT32.dll
0x00007ffac2080000 - 0x00007ffac20b2000 	C:\WINDOWS\SYSTEM32\dbgcore.DLL
0x00007ffadc3c0000 - 0x00007ffadc43b000 	C:\WINDOWS\System32\bcryptPrimitives.dll
0x00007ffab1600000 - 0x00007ffab1625000 	C:\Program Files\Java\jdk-17\bin\java.dll

dbghelp: loaded successfully - version: 4.0.5 - missing functions: none
symbol engine: initialized successfully - sym options: 0x614 - pdb path: .;C:\Program Files\Java\jdk-17\bin;C:\WINDOWS\SYSTEM32;C:\WINDOWS\WinSxS\amd64_microsoft.windows.common-controls_6595b64144ccf1df_6.0.22621.4830_none_270fe7d773858e80;C:\Program Files\Java\jdk-17\bin\server

VM Arguments:
java_command: <unknown>
java_class_path (initial): <not set>
Launcher Type: SUN_STANDARD

[Global flags]
     intx CICompilerCount                          = 4                                         {product} {ergonomic}
     uint ConcGCThreads                            = 2                                         {product} {ergonomic}
     uint G1ConcRefinementThreads                  = 8                                         {product} {ergonomic}
   size_t G1HeapRegionSize                         = 1048576                                   {product} {ergonomic}
    uintx GCDrainStackTargetSize                   = 64                                        {product} {ergonomic}
   size_t InitialHeapSize                          = 132120576                                 {product} {ergonomic}
   size_t MarkStackSize                            = 4194304                                   {product} {ergonomic}
   size_t MaxHeapSize                              = 2109734912                                {product} {ergonomic}
   size_t MinHeapDeltaBytes                        = 1048576                                   {product} {ergonomic}
   size_t MinHeapSize                              = 8388608                                   {product} {ergonomic}
    uintx NonNMethodCodeHeapSize                   = 5839372                                {pd product} {ergonomic}
    uintx NonProfiledCodeHeapSize                  = 122909434                              {pd product} {ergonomic}
    uintx ProfiledCodeHeapSize                     = 122909434                              {pd product} {ergonomic}
    uintx ReservedCodeCacheSize                    = 251658240                              {pd product} {ergonomic}
     bool SegmentedCodeCache                       = true                                      {product} {ergonomic}
   size_t SoftMaxHeapSize                          = 2109734912                             {manageable} {ergonomic}
     bool UseCompressedClassPointers               = true                           {product lp64_product} {ergonomic}
     bool UseCompressedOops                        = true                           {product lp64_product} {ergonomic}
     bool UseG1GC                                  = true                                      {product} {ergonomic}
     bool UseLargePagesIndividualAllocation        = false                                  {pd product} {ergonomic}

Logging:
Log output configuration:
 #0: stdout all=warning uptime,level,tags
 #1: stderr all=off uptime,level,tags

Environment Variables:
PATH=C:\Python312\Scripts\;C:\Python312\;C:\Program Files\Microsoft MPI\Bin\;C:\Program Files (x86)\VMware\VMware Workstation\bin\;C:\Program Files\Common Files\Oracle\Java\javapath;C:\Program Files\Python310\Scripts\;C:\Program Files\Python310\;C:\WINDOWS\system32;C:\WINDOWS;C:\WINDOWS\System32\Wbem;C:\WINDOWS\System32\WindowsPowerShell\v1.0\;C:\WINDOWS\System32\OpenSSH\;C:\Program Files (x86)\Microsoft SQL Server\160\Tools\Binn\;C:\Program Files\Microsoft SQL Server\160\Tools\Binn\;C:\Program Files\Microsoft SQL Server\Client SDK\ODBC\170\Tools\Binn\;C:\Program Files\Microsoft SQL Server\160\DTS\Binn\;C:\Program Files\Azure Data Studio\bin;C:\Program Files\TortoiseSVN\bin;C:\Program Files\VisualSVN Server\bin;C:\Program Files (x86)\Microsoft SQL Server\160\DTS\Binn\;C:\Program Files\Microsoft SQL Server\150\Tools\Binn\;C:\Program Files\dotnet\;C:\Program Files\Microsoft SQL Server\130\Tools\Binn\;C:\Program Files\Git\cmd;C:\ProgramData\chocolatey\bin;C:\Program Files\Git LFS;D:\maven\apache-maven-3.9.9-bin\bin;C:\Program Files\nodejs\;C:\Program Files\GitHub CLI\;C:\Users\ASUS\scoop\shims;C:\Users\ASUS\AppData\Local\Programs\Python\Python310\Scripts\;C:\Users\ASUS\AppData\Local\Programs\Python\Python310\;C:\Users\ASUS\AppData\Local\Microsoft\WindowsApps;C:\Users\ASUS\AppData\Local\Programs\Microsoft VS Code\bin;C:\Program Files\Azure Data Studio\bin;C:\Users\ASUS\.dotnet\tools;C:\Program Files\JetBrains\PyCharm Community Edition 2024.1.4\bin;;C:\Users\ASUS\AppData\Local\Microsoft\WinGet\Packages\Schniz.fnm_Microsoft.Winget.Source_8wekyb3d8bbwe;C:\Users\ASUS\AppData\Roaming\npm
USERNAME=ASUS
OS=Windows_NT
PROCESSOR_IDENTIFIER=Intel64 Family 6 Model 142 Stepping 12, GenuineIntel



---------------  S Y S T E M  ---------------

OS:
 Windows 11 , 64 bit Build 22621 (10.0.22621.4974)
OS uptime: 0 days 20:45 hours
Hyper-V role detected

CPU: total 8 (initial active 8) (4 cores per cpu, 2 threads per core) family 6 model 142 stepping 12 microcode 0xde, cx8, cmov, fxsr, ht, mmx, 3dnowpref, sse, sse2, sse3, ssse3, sse4.1, sse4.2, popcnt, lzcnt, tsc, tscinvbit, avx, avx2, aes, erms, clmul, bmi1, bmi2, adx, fma, vzeroupper, clflush, clflushopt, hv

Memory: 4k page, system-wide physical 8043M (161M free)
TotalPageFile size 10091M (AvailPageFile size 92M)
current process WorkingSet (physical memory assigned to process): 11M, peak: 11M
current process commit charge ("private bytes"): 60M, peak: 186M

vm_info: Java HotSpot(TM) 64-Bit Server VM (17.0.12+8-LTS-286) for windows-amd64 JRE (17.0.12+8-LTS-286), built on Jun  5 2024 06:46:59 by "mach5one" with MS VC++ 17.6 (VS2022)

END.
